Performing C SOURCE FILE Test CMAKE_HAVE_LIBC_PTHREAD failed with the following output:
Change Dir: /media/mattiascarpa/Archivio/Programming_Workspace/Computer_Vision_UniPD/00-ScarpaMattia_2005826_FinalProject/build/CMakeFiles/CMakeTmp

Run Build Command(s):/usr/bin/make -f Makefile cmTC_a28e5/fast && /usr/bin/make  -f CMakeFiles/cmTC_a28e5.dir/build.make CMakeFiles/cmTC_a28e5.dir/build
make[1]: Entering directory '/media/mattiascarpa/Archivio/Programming_Workspace/Computer_Vision_UniPD/00-ScarpaMattia_2005826_FinalProject/build/CMakeFiles/CMakeTmp'
Building C object CMakeFiles/cmTC_a28e5.dir/src.c.o
/usr/bin/cc -DCMAKE_HAVE_LIBC_PTHREAD  -fPIC  -o CMakeFiles/cmTC_a28e5.dir/src.c.o -c /media/mattiascarpa/Archivio/Programming_Workspace/Computer_Vision_UniPD/00-ScarpaMattia_2005826_FinalProject/build/CMakeFiles/CMakeTmp/src.c
Linking C executable cmTC_a28e5
/usr/local/bin/cmake -E cmake_link_script CMakeFiles/cmTC_a28e5.dir/link.txt --verbose=1
/usr/bin/cc -fPIC  CMakeFiles/cmTC_a28e5.dir/src.c.o -o cmTC_a28e5 
/usr/bin/ld: CMakeFiles/cmTC_a28e5.dir/src.c.o: in function `main':
src.c:(.text+0x46): undefined reference to `pthread_create'
/usr/bin/ld: src.c:(.text+0x52): undefined reference to `pthread_detach'
/usr/bin/ld: src.c:(.text+0x5e): undefined reference to `pthread_cancel'
/usr/bin/ld: src.c:(.text+0x6f): undefined reference to `pthread_join'
collect2: error: ld returned 1 exit status
make[1]: *** [CMakeFiles/cmTC_a28e5.dir/build.make:99: cmTC_a28e5] Error 1
make[1]: Leaving directory '/media/mattiascarpa/Archivio/Programming_Workspace/Computer_Vision_UniPD/00-ScarpaMattia_2005826_FinalProject/build/CMakeFiles/CMakeTmp'
make: *** [Makefile:127: cmTC_a28e5/fast] Error 2


Source file was:
#include <pthread.h>

static void* test_func(void* data)
{
  return data;
}

int main(void)
{
  pthread_t thread;
  pthread_create(&thread, NULL, test_func, NULL);
  pthread_detach(thread);
  pthread_cancel(thread);
  pthread_join(thread, NULL);
  pthread_atfork(NULL, NULL, NULL);
  pthread_exit(NULL);

  return 0;
}

Determining if the function pthread_create exists in the pthreads failed with the following output:
Change Dir: /media/mattiascarpa/Archivio/Programming_Workspace/Computer_Vision_UniPD/00-ScarpaMattia_2005826_FinalProject/build/CMakeFiles/CMakeTmp

Run Build Command(s):/usr/bin/make -f Makefile cmTC_36fbd/fast && /usr/bin/make  -f CMakeFiles/cmTC_36fbd.dir/build.make CMakeFiles/cmTC_36fbd.dir/build
make[1]: Entering directory '/media/mattiascarpa/Archivio/Programming_Workspace/Computer_Vision_UniPD/00-ScarpaMattia_2005826_FinalProject/build/CMakeFiles/CMakeTmp'
Building C object CMakeFiles/cmTC_36fbd.dir/CheckFunctionExists.c.o
/usr/bin/cc   -fPIC -DCHECK_FUNCTION_EXISTS=pthread_create -o CMakeFiles/cmTC_36fbd.dir/CheckFunctionExists.c.o -c /usr/local/share/cmake-3.20/Modules/CheckFunctionExists.c
Linking C executable cmTC_36fbd
/usr/local/bin/cmake -E cmake_link_script CMakeFiles/cmTC_36fbd.dir/link.txt --verbose=1
/usr/bin/cc -fPIC -DCHECK_FUNCTION_EXISTS=pthread_create CMakeFiles/cmTC_36fbd.dir/CheckFunctionExists.c.o -o cmTC_36fbd  -lpthreads 
/usr/bin/ld: cannot find -lpthreads
collect2: error: ld returned 1 exit status
make[1]: *** [CMakeFiles/cmTC_36fbd.dir/build.make:99: cmTC_36fbd] Error 1
make[1]: Leaving directory '/media/mattiascarpa/Archivio/Programming_Workspace/Computer_Vision_UniPD/00-ScarpaMattia_2005826_FinalProject/build/CMakeFiles/CMakeTmp'
make: *** [Makefile:127: cmTC_36fbd/fast] Error 2



